2018-09-04 19:53:51 INFO  CalculatorTest:21 - Parking Calculator
2018-09-04 19:54:48 INFO  CalculatorTest:21 - Parking Calculator
2018-09-04 20:24:20 INFO  CalculatorTest:21 - Parking Calculator
2018-09-04 20:40:59 INFO  CalculatorTest:21 - Parking Calculator
2018-09-04 20:44:30 INFO  CalculatorTest:18 - First test is running...
2018-09-04 20:44:31 INFO  CalculatorTest:22 - Parking Calculator
2018-09-04 20:44:40 INFO  CalculatorTest:47 - Second test is running...
2018-09-04 20:44:51 INFO  CalculatorTest:69 - Third test is running...
2018-09-04 20:45:02 INFO  CalculatorTest:91 - Fourth test is running...
2018-09-04 20:45:13 INFO  CalculatorTest:113 - Fifth test is running...
2018-09-04 20:47:06 INFO  CalculatorTest:18 - First test is running...
2018-09-04 20:47:06 INFO  CalculatorTest:22 - Parking Calculator
2018-09-04 20:47:16 INFO  CalculatorTest:47 - Second test is running...
2018-09-04 20:47:27 INFO  CalculatorTest:69 - Third test is running...
2018-09-04 20:47:37 INFO  CalculatorTest:91 - Fourth test is running...
2018-09-04 20:47:48 INFO  CalculatorTest:113 - Fifth test is running...
2018-09-04 20:47:48 INFO  CalculatorTest:114 - This test is negative test
2018-09-04 21:28:50 INFO  CalculatorTest:18 - First test is running...
2018-09-04 21:28:51 INFO  CalculatorTest:22 - Parking Calculator
2018-09-04 21:29:00 INFO  CalculatorTest:31 - Second test is running...
2018-09-04 21:29:10 INFO  CalculatorTest:57 - Third test is running...
2018-09-04 21:29:21 INFO  CalculatorTest:79 - Fourth test is running...
2018-09-04 21:29:32 INFO  CalculatorTest:101 - Fifth test is running...
2018-09-04 21:29:43 INFO  CalculatorTest:123 - This test is negative test
2018-09-04 21:29:43 INFO  CalculatorTest:124 - Sixth test is running...
2018-09-04 21:33:46 INFO  CalculatorTest:18 - First test is running...
2018-09-04 21:33:47 INFO  CalculatorTest:22 - Parking Calculator
2018-09-04 21:33:58 INFO  CalculatorTest:31 - Second test is running...
2018-09-04 21:34:11 INFO  CalculatorTest:57 - Third test is running...
2018-09-04 21:34:24 INFO  CalculatorTest:79 - Fourth test is running...
2018-09-04 21:34:37 INFO  CalculatorTest:101 - Fifth test is running...
2018-09-04 21:34:50 INFO  CalculatorTest:123 - Sixth test is running...
2018-09-04 21:34:50 INFO  CalculatorTest:124 - This test is negative test
2018-09-04 21:35:40 INFO  CalculatorTest:18 - First test is running...
2018-09-04 21:35:40 INFO  CalculatorTest:22 - WebDriver
2018-09-04 21:35:46 INFO  CalculatorTest:31 - Second test is running...
2018-09-04 21:36:23 INFO  CalculatorTest:57 - Third test is running...
2018-09-04 21:37:00 INFO  CalculatorTest:79 - Fourth test is running...
2018-09-04 21:37:37 INFO  CalculatorTest:101 - Fifth test is running...
2018-09-04 21:38:14 INFO  CalculatorTest:123 - Sixth test is running...
2018-09-04 21:38:14 INFO  CalculatorTest:124 - This test is negative test
2018-09-04 21:42:03 INFO  CalculatorTest:18 - First test is running...
2018-09-04 21:42:03 INFO  CalculatorTest:22 - WebDriver
2018-09-04 21:42:10 INFO  CalculatorTest:31 - Second test is running...
2018-09-04 21:42:47 INFO  CalculatorTest:57 - Third test is running...
2018-09-04 21:43:24 INFO  CalculatorTest:79 - Fourth test is running...
2018-09-04 21:44:01 INFO  CalculatorTest:101 - Fifth test is running...
2018-09-04 21:44:32 INFO  CalculatorTest:18 - First test is running...
2018-09-04 21:44:32 INFO  CalculatorTest:22 - WebDriver
2018-09-04 21:44:39 INFO  CalculatorTest:31 - Second test is running...
2018-09-04 21:46:51 INFO  CalculatorTest:18 - First test is running...
2018-09-04 21:46:51 INFO  CalculatorTest:22 - Parking Calculator
2018-09-04 21:47:00 INFO  CalculatorTest:31 - Second test is running...
2018-09-04 21:47:11 INFO  CalculatorTest:57 - Third test is running...
2018-09-04 21:47:21 INFO  CalculatorTest:79 - Fourth test is running...
2018-09-04 21:47:32 INFO  CalculatorTest:101 - Fifth test is running...
2018-09-04 21:47:43 INFO  CalculatorTest:123 - Sixth test is running...
2018-09-04 21:47:43 INFO  CalculatorTest:124 - This test is negative test
2018-10-10 08:09:11 INFO  CalculatorTest:18 - First test is running...
2018-10-10 08:09:12 INFO  CalculatorTest:22 - Parking Calculator
2018-10-10 08:09:21 INFO  CalculatorTest:31 - Second test is running...
2018-10-10 08:09:33 INFO  CalculatorTest:57 - Third test is running...
2018-10-10 08:09:45 INFO  CalculatorTest:79 - Fourth test is running...
2018-10-10 08:09:56 INFO  CalculatorTest:101 - Fifth test is running...
2018-10-10 08:10:07 INFO  CalculatorTest:123 - Sixth test is running...
2018-10-10 08:10:07 INFO  CalculatorTest:124 - This test is negative test
2018-10-24 14:00:08 INFO  CalculatorTest:18 - First test is running...
2018-10-24 14:00:08 INFO  CalculatorTest:22 - Parking Calculator
2018-10-24 14:00:18 INFO  CalculatorTest:31 - Second test is running...
2018-10-24 14:00:28 INFO  CalculatorTest:57 - Third test is running...
2018-10-24 14:00:39 INFO  CalculatorTest:79 - Fourth test is running...
2018-10-24 14:00:50 INFO  CalculatorTest:101 - Fifth test is running...
2018-10-24 14:01:01 INFO  CalculatorTest:123 - Sixth test is running...
2018-10-24 14:01:01 INFO  CalculatorTest:124 - This test is negative test
